#
# There is insufficient memory for the Java Runtime Environment to continue.
# Native memory allocation (malloc) failed to allocate 1466096 bytes for Chunk::new
# Possible reasons:
#   The system is out of physical RAM or swap space
#   The process is running with CompressedOops enabled, and the Java Heap may be blocking the growth of the native heap
# Possible solutions:
#   Reduce memory load on the system
#   Increase physical memory or swap space
#   Check if swap backing store is full
#   Decrease Java heap size (-Xmx/-Xms)
#   Decrease number of Java threads
#   Decrease Java thread stack sizes (-Xss)
#   Set larger code cache with -XX:ReservedCodeCacheSize=
#   JVM is running with Unscaled Compressed Oops mode in which the Java heap is
#     placed in the first 4GB address space. The Java Heap base address is the
#     maximum limit for the native heap growth. Please use -XX:HeapBaseMinAddress
#     to set the Java Heap base and to place the Java Heap above 4GB virtual address.
# This output file may be truncated or incomplete.
#
#  Out of Memory Error (allocation.cpp:389), pid=11660, tid=0x00000000000050f4
#
# JRE version: OpenJDK Runtime Environment (8.0_242-b01) (build 1.8.0_242-release-1644-b01)
# Java VM: OpenJDK 64-Bit Server VM (25.242-b01 mixed mode windows-amd64 compressed oops)
# Failed to write core dump. Minidumps are not enabled by default on client versions of Windows
#

---------------  T H R E A D  ---------------

Current thread (0x000000001a463800):  JavaThread "C2 CompilerThread1" daemon [_thread_in_native, id=20724, stack(0x000000001ace0000,0x000000001ade0000)]

Stack: [0x000000001ace0000,0x000000001ade0000]
[error occurred during error reporting (printing stack bounds), id 0xc0000005]

Native frames: (J=compiled Java code, j=interpreted, Vv=VM code, C=native code)


Current CompileTask:
C2:8907203 17118       4       com.android.tools.r8.ir.conversion.o::a (1157 bytes)


---------------  P R O C E S S  ---------------

Java Threads: ( => current thread )
  0x000000001f605000 JavaThread "ForkJoinPool.commonPool-worker-7" daemon [_thread_blocked, id=10376, stack(0x000000002bc90000,0x000000002bd90000)]
  0x000000001f5fd800 JavaThread "ForkJoinPool.commonPool-worker-6" daemon [_thread_blocked, id=9012, stack(0x000000002bb90000,0x000000002bc90000)]
  0x000000001f604000 JavaThread "ForkJoinPool.commonPool-worker-5" daemon [_thread_blocked, id=21496, stack(0x000000002ba90000,0x000000002bb90000)]
  0x000000001f600800 JavaThread "ForkJoinPool.commonPool-worker-3" daemon [_thread_blocked, id=16500, stack(0x000000002b890000,0x000000002b990000)]
  0x000000001f5fc800 JavaThread "ForkJoinPool.commonPool-worker-2" daemon [_thread_blocked, id=22092, stack(0x000000002b790000,0x000000002b890000)]
  0x000000001f5ff800 JavaThread "ForkJoinPool.commonPool-worker-1" daemon [_thread_blocked, id=12416, stack(0x000000002b690000,0x000000002b790000)]
  0x000000001f603800 JavaThread "stdout" [_thread_in_native, id=21280, stack(0x000000002b590000,0x000000002b690000)]
  0x000000001f5fc000 JavaThread "stderr" [_thread_in_native, id=20432, stack(0x000000002b490000,0x000000002b590000)]
  0x000000001f602000 JavaThread "stdout" [_thread_in_native, id=15892, stack(0x000000002b390000,0x000000002b490000)]
  0x000000001f5ff000 JavaThread "stderr" [_thread_in_native, id=15136, stack(0x000000002b290000,0x000000002b390000)]
  0x000000001f602800 JavaThread "stdout" [_thread_in_native, id=22184, stack(0x000000002b190000,0x000000002b290000)]
  0x000000001f5fb000 JavaThread "stderr" [_thread_in_native, id=3916, stack(0x000000002b090000,0x000000002b190000)]
  0x000000001f5fe000 JavaThread "stdout" [_thread_in_native, id=20904, stack(0x000000002ae90000,0x000000002af90000)]
  0x000000001f5fa800 JavaThread "stderr" [_thread_in_native, id=21564, stack(0x000000002ad90000,0x000000002ae90000)]
  0x0000000024e7c800 JavaThread "stdout" [_thread_in_native, id=12820, stack(0x000000002ac90000,0x000000002ad90000)]
  0x0000000024e82000 JavaThread "stderr" [_thread_in_native, id=14116, stack(0x000000002ab90000,0x000000002ac90000)]
  0x0000000024e81000 JavaThread "stdout" [_thread_in_native, id=19980, stack(0x000000002aa90000,0x000000002ab90000)]
  0x0000000024e80800 JavaThread "stderr" [_thread_in_native, id=22328, stack(0x000000002a760000,0x000000002a860000)]
  0x0000000024e7f800 JavaThread "stdout" [_thread_in_native, id=8468, stack(0x000000002a990000,0x000000002aa90000)]
  0x0000000024e7f000 JavaThread "stderr" [_thread_in_native, id=21652, stack(0x000000002a890000,0x000000002a990000)]
  0x0000000024e7c000 JavaThread "stdout" [_thread_in_native, id=17472, stack(0x000000002a660000,0x000000002a760000)]
  0x0000000024e78000 JavaThread "stderr" [_thread_in_native, id=19108, stack(0x000000002a400000,0x000000002a500000)]
  0x0000000024e77800 JavaThread "pool-10-thread-1" [_thread_blocked, id=22476, stack(0x000000002a560000,0x000000002a660000)]
  0x0000000024e7e000 JavaThread "WorkerExecutor Queue Thread 8" [_thread_blocked, id=22252, stack(0x000000002a300000,0x000000002a400000)]
  0x0000000024e7b000 JavaThread "WorkerExecutor Queue Thread 7" [_thread_blocked, id=10904, stack(0x000000002a200000,0x000000002a300000)]
  0x0000000024e7d800 JavaThread "WorkerExecutor Queue Thread 6" [_thread_blocked, id=9856, stack(0x000000002a100000,0x000000002a200000)]
  0x0000000024e73800 JavaThread "WorkerExecutor Queue Thread 5" [_thread_blocked, id=22008, stack(0x000000002a000000,0x000000002a100000)]
  0x0000000024e76000 JavaThread "WorkerExecutor Queue Thread 4" [_thread_blocked, id=22496, stack(0x0000000029f00000,0x000000002a000000)]
  0x0000000024e74800 JavaThread "WorkerExecutor Queue Thread 3" [_thread_blocked, id=16456, stack(0x0000000029e00000,0x0000000029f00000)]
  0x0000000024e7a800 JavaThread "WorkerExecutor Queue Thread 2" [_thread_blocked, id=17692, stack(0x0000000029d00000,0x0000000029e00000)]
  0x0000000024e75000 JavaThread "WorkerExecutor Queue" [_thread_blocked, id=232, stack(0x0000000029c00000,0x0000000029d00000)]
  0x000000001bb82800 JavaThread "Cache worker for execution history cache (E:\study_resource\sophomore_summer\java\news\.gradle\6.1.1\executionHistory)" [_thread_blocked, id=22324, stack(0x0000000029900000,0x0000000029a00000)]
  0x000000001bb85800 JavaThread "Execution worker for ':' Thread 7" [_thread_in_native, id=16616, stack(0x0000000029800000,0x0000000029900000)]
  0x000000001bb81800 JavaThread "Execution worker for ':' Thread 6" [_thread_blocked, id=22108, stack(0x0000000029700000,0x0000000029800000)]
  0x000000001c667800 JavaThread "Execution worker for ':' Thread 5" [_thread_blocked, id=21776, stack(0x0000000029600000,0x0000000029700000)]
  0x000000001c66b800 JavaThread "Execution worker for ':' Thread 4" [_thread_blocked, id=13756, stack(0x0000000029500000,0x0000000029600000)]
  0x000000001c664000 JavaThread "Execution worker for ':' Thread 3" [_thread_blocked, id=14280, stack(0x0000000029400000,0x0000000029500000)]
  0x000000001c666000 JavaThread "Execution worker for ':' Thread 2" [_thread_blocked, id=3248, stack(0x0000000029300000,0x0000000029400000)]
  0x000000001c668800 JavaThread "Execution worker for ':'" [_thread_in_Java, id=21136, stack(0x0000000029200000,0x0000000029300000)]
  0x000000001c665800 JavaThread "Cache worker for file content cache (E:\study_resource\sophomore_summer\java\news\.gradle\6.1.1\fileContent)" [_thread_blocked, id=22096, stack(0x0000000028470000,0x0000000028570000)]
  0x000000001c66a800 JavaThread "Cache worker for file content cache (C:\Users\dell\.gradle\caches\6.1.1\fileContent)" [_thread_blocked, id=22356, stack(0x00000000276d0000,0x00000000277d0000)]
  0x000000001c664800 JavaThread "Memory manager" [_thread_blocked, id=21996, stack(0x00000000267d0000,0x00000000268d0000)]
  0x000000001c65c800 JavaThread "Cache worker for Build Output Cleanup Cache (E:\study_resource\sophomore_summer\java\news\.gradle\buildOutputCleanup)" [_thread_blocked, id=22436, stack(0x0000000025ed0000,0x0000000025fd0000)]
  0x000000002394d800 JavaThread "Build operations Thread 8" [_thread_blocked, id=17044, stack(0x0000000025dd0000,0x0000000025ed0000)]
  0x000000002394c800 JavaThread "Build operations Thread 7" [_thread_blocked, id=14840, stack(0x0000000025cd0000,0x0000000025dd0000)]
  0x000000002394c000 JavaThread "Build operations Thread 6" [_thread_blocked, id=21972, stack(0x0000000025bd0000,0x0000000025cd0000)]
  0x000000002394f800 JavaThread "Build operations Thread 5" [_thread_blocked, id=22136, stack(0x0000000024830000,0x0000000024930000)]
  0x0000000023951000 JavaThread "Build operations Thread 4" [_thread_blocked, id=21764, stack(0x0000000023740000,0x0000000023840000)]
  0x0000000023950800 JavaThread "Build operations Thread 3" [_thread_blocked, id=19044, stack(0x0000000023640000,0x0000000023740000)]
  0x000000002394f000 JavaThread "Build operations Thread 2" [_thread_blocked, id=10968, stack(0x0000000023540000,0x0000000023640000)]
  0x000000002394b000 JavaThread "Build operations" [_thread_blocked, id=2316, stack(0x00000000212f0000,0x00000000213f0000)]
  0x000000002394e000 JavaThread "Cache worker for cache directory md-rule (C:\Users\dell\.gradle\caches\6.1.1\md-rule)" [_thread_blocked, id=21556, stack(0x00000000211f0000,0x00000000212f0000)]
  0x0000000023943800 JavaThread "Cache worker for cache directory md-supplier (C:\Users\dell\.gradle\caches\6.1.1\md-supplier)" [_thread_blocked, id=18988, stack(0x000000001e850000,0x000000001e950000)]
  0x000000002394a800 JavaThread "Cache worker for file hash cache (E:\study_resource\sophomore_summer\java\news\.gradle\6.1.1\fileHashes)" [_thread_blocked, id=6960, stack(0x000000001e750000,0x000000001e850000)]
  0x0000000023949800 JavaThread "Cache worker for checksums cache (E:\study_resource\sophomore_summer\java\news\.gradle\checksums)" [_thread_blocked, id=7916, stack(0x000000001e550000,0x000000001e650000)]
  0x0000000023942000 JavaThread "Thread-89" [_thread_blocked, id=21936, stack(0x000000001e450000,0x000000001e550000)]
  0x0000000023947800 JavaThread "Stdin handler" [_thread_blocked, id=21736, stack(0x000000001e350000,0x000000001e450000)]
  0x0000000023943000 JavaThread "Asynchronous log dispatcher for DefaultDaemonConnection: socket connection from /127.0.0.1:50116 to /127.0.0.1:63150" [_thread_blocked, id=10856, stack(0x000000001e050000,0x000000001e150000)]
  0x0000000023946800 JavaThread "Daemon worker Thread 5" [_thread_blocked, id=6348, stack(0x000000001df50000,0x000000001e050000)]
  0x0000000023946000 JavaThread "Cancel handler" [_thread_blocked, id=16036, stack(0x00000000015e0000,0x00000000016e0000)]
  0x0000000023948000 JavaThread "Handler for socket connection from /127.0.0.1:50116 to /127.0.0.1:63150" [_thread_in_native, id=21668, stack(0x00000000014e0000,0x00000000015e0000)]
  0x0000000023945000 JavaThread "Daemon Thread 5" [_thread_blocked, id=11964, stack(0x00000000012d0000,0x00000000013d0000)]
  0x000000001bb87800 JavaThread "Cache worker for execution history cache (C:\Users\dell\.gradle\caches\6.1.1\executionHistory)" [_thread_blocked, id=20636, stack(0x0000000022840000,0x0000000022940000)]
  0x000000001bb84800 JavaThread "Cache worker for file hash cache (C:\Users\dell\.gradle\caches\6.1.1\fileHashes)" [_thread_blocked, id=9788, stack(0x000000001ed50000,0x000000001ee50000)]
  0x000000001bb84000 JavaThread "File lock request listener" [_thread_in_native, id=20516, stack(0x000000001ec50000,0x000000001ed50000)]
  0x000000001bd2d800 JavaThread "Cache worker for journal cache (C:\Users\dell\.gradle\caches\journal-1)" [_thread_blocked, id=12624, stack(0x000000001eb50000,0x000000001ec50000)]
  0x000000001bb66000 JavaThread "Daemon periodic checks" [_thread_blocked, id=20448, stack(0x000000001de50000,0x000000001df50000)]
  0x000000001bb63800 JavaThread "Incoming local TCP Connector on port 50116" [_thread_in_native, id=19660, stack(0x000000001dca0000,0x000000001dda0000)]
  0x000000001cd75000 JavaThread "Daemon health stats" [_thread_blocked, id=8300, stack(0x000000001db80000,0x000000001dc80000)]
  0x000000001a4fc800 JavaThread "Service Thread" daemon [_thread_blocked, id=13304, stack(0x000000001afe0000,0x000000001b0e0000)]
  0x000000001a46f000 JavaThread "C1 CompilerThread3" daemon [_thread_in_vm, id=17488, stack(0x000000001aee0000,0x000000001afe0000)]
  0x000000001a469000 JavaThread "C2 CompilerThread2" daemon [_thread_in_vm, id=9176, stack(0x000000001ade0000,0x000000001aee0000)]
=>0x000000001a463800 JavaThread "C2 CompilerThread1" daemon [_thread_in_native, id=20724, stack(0x000000001ace0000,0x000000001ade0000)]
  0x000000001a45d800 JavaThread "C2 CompilerThread0" daemon [_thread_in_native, id=12060, stack(0x000000001abe0000,0x000000001ace0000)]
  0x000000001a45c000 JavaThread "Attach Listener" daemon [_thread_blocked, id=1656, stack(0x000000001aae0000,0x000000001abe0000)]
  0x000000001a45b000 JavaThread "Signal Dispatcher" daemon [_thread_blocked, id=9840, stack(0x000000001a9e0000,0x000000001aae0000)]
  0x000000001a3f1000 JavaThread "Finalizer" daemon [_thread_blocked, id=15744, stack(0x000000001a8d0000,0x000000001a9d0000)]
  0x000000001a3f0800 JavaThread "Reference Handler" daemon [_thread_blocked, id=10200, stack(0x000000001a7d0000,0x000000001a8d0000)]
  0x000000000348e800 JavaThread "main" [_thread_blocked, id=17652, stack(0x00000000032f0000,0x00000000033f0000)]

Other Threads:
  0x00000000185f8800 VMThread [stack: 0x000000001a2d0000,0x000000001a3d0000] [id=3896]
  0x000000001a4fd800 WatcherThread [stack: 0x000000001b0e0000,0x000000001b1e0000] [id=12848]

VM state:not at safepoint (normal execution)

VM Mutex/Monitor currently owned by a thread: None

heap address: 0x0000000080000000, size: 2048 MB, Compressed Oops mode: 32-bit
Narrow klass base: 0x0000000000000000, Narrow klass shift: 3
Compressed class space size: 1073741824 Address: 0x0000000100000000

Heap:
 PSYoungGen      total 218112K, used 185476K [0x00000000d5580000, 0x00000000e4d00000, 0x0000000100000000)
  eden space 182272K, 99% used [0x00000000d5580000,0x00000000e0629948,0x00000000e0780000)
  from space 35840K, 12% used [0x00000000e2a00000,0x00000000e2e77908,0x00000000e4d00000)
  to   space 35328K, 0% used [0x00000000e0780000,0x00000000e0780000,0x00000000e2a00000)
 ParOldGen       total 169984K, used 58054K [0x0000000080000000, 0x000000008a600000, 0x00000000d5580000)
  object space 169984K, 34% used [0x0000000080000000,0x00000000838b1bb0,0x000000008a600000)
 Metaspace       used 96864K, capacity 100906K, committed 103192K, reserved 1138688K
  class space    used 12545K, capacity 13358K, committed 13864K, reserved 1048576K

Card table byte_map: [0x0000000012950000,0x0000000012d60000] byte_map_base: 0x0000000012550000

Marking Bits: (ParMarkBitMap*) 0x000000007592f030
 Begin Bits: [0x0000000013810000, 0x0000000015810000)
 End Bits:   [0x0000000015810000, 0x0000000017810000)

Polling page: 0x00000000013d0000

CodeCache: size=245760Kb used=51351Kb max_used=51351Kb free=194408Kb
 bounds [0x0000000003590000, 0x0000000006800000, 0x0000000012590000]
 total_blobs=15905 nmethods=14988 adapters=828
 compilation: enabled

Compilation events (10 events):
Event: 8907.091 Thread 0x000000001a46f000 nmethod 17786 0x000000000676cfd0 code [0x000000000676d140, 0x000000000676d3e8]
Event: 8907.095 Thread 0x000000001a46f000 17787       2       java.util.Arrays::copyOfRange (63 bytes)
Event: 8907.097 Thread 0x000000001a46f000 nmethod 17787 0x000000000676d590 code [0x000000000676d740, 0x000000000676dc58]
Event: 8907.123 Thread 0x000000001a46f000 17789   !   3       com.android.tools.r8.ir.conversion.O::a (322 bytes)
Event: 8907.128 Thread 0x000000001a46f000 nmethod 17789 0x000000000676df50 code [0x000000000676e280, 0x000000000676f718]
Event: 8907.128 Thread 0x000000001a46f000 17790       2       com.android.tools.r8.u.b.j::a (21 bytes)
Event: 8907.129 Thread 0x000000001a46f000 nmethod 17790 0x0000000006770310 code [0x00000000067704a0, 0x00000000067707a8]
Event: 8907.129 Thread 0x000000001a46f000 17791       2       com.android.tools.r8.u.b.j::b (28 bytes)
Event: 8907.130 Thread 0x000000001a46f000 nmethod 17791 0x0000000006770b50 code [0x0000000006770ce0, 0x0000000006770fa8]
Event: 8907.133 Thread 0x000000001a46f000 17792       2       com.android.tools.r8.r.n.c::a (294 bytes)

GC Heap History (10 events):
Event: 8888.345 GC heap before
{Heap before GC invocations=22 (full 3):
 PSYoungGen      total 186880K, used 186445K [0x00000000d5580000, 0x00000000e3a00000, 0x0000000100000000)
  eden space 174080K, 100% used [0x00000000d5580000,0x00000000dff80000,0x00000000dff80000)
  from space 12800K, 96% used [0x00000000e2d80000,0x00000000e3993498,0x00000000e3a00000)
  to   space 23552K, 0% used [0x00000000e0c00000,0x00000000e0c00000,0x00000000e2300000)
 ParOldGen       total 112640K, used 45017K [0x0000000080000000, 0x0000000086e00000, 0x00000000d5580000)
  object space 112640K, 39% used [0x0000000080000000,0x0000000082bf65f0,0x0000000086e00000)
 Metaspace       used 83082K, capacity 87088K, committed 87320K, reserved 1124352K
  class space    used 10872K, capacity 11700K, committed 11816K, reserved 1048576K
Event: 8888.566 GC heap after
Heap after GC invocations=22 (full 3):
 PSYoungGen      total 185344K, used 17175K [0x00000000d5580000, 0x00000000e2e00000, 0x0000000100000000)
  eden space 167936K, 0% used [0x00000000d5580000,0x00000000d5580000,0x00000000df980000)
  from space 17408K, 98% used [0x00000000e0c00000,0x00000000e1cc5d38,0x00000000e1d00000)
  to   space 17408K, 0% used [0x00000000e1d00000,0x00000000e1d00000,0x00000000e2e00000)
 ParOldGen       total 112640K, used 45025K [0x0000000080000000, 0x0000000086e00000, 0x00000000d5580000)
  object space 112640K, 39% used [0x0000000080000000,0x0000000082bf85f0,0x0000000086e00000)
 Metaspace       used 83082K, capacity 87088K, committed 87320K, reserved 1124352K
  class space    used 10872K, capacity 11700K, committed 11816K, reserved 1048576K
}
Event: 8898.212 GC heap before
{Heap before GC invocations=23 (full 3):
 PSYoungGen      total 185344K, used 185111K [0x00000000d5580000, 0x00000000e2e00000, 0x0000000100000000)
  eden space 167936K, 100% used [0x00000000d5580000,0x00000000df980000,0x00000000df980000)
  from space 17408K, 98% used [0x00000000e0c00000,0x00000000e1cc5d38,0x00000000e1d00000)
  to   space 17408K, 0% used [0x00000000e1d00000,0x00000000e1d00000,0x00000000e2e00000)
 ParOldGen       total 112640K, used 45025K [0x0000000080000000, 0x0000000086e00000, 0x00000000d5580000)
  object space 112640K, 39% used [0x0000000080000000,0x0000000082bf85f0,0x0000000086e00000)
 Metaspace       used 87727K, capacity 92144K, committed 92312K, reserved 1128448K
  class space    used 11478K, capacity 12338K, committed 12456K, reserved 1048576K
Event: 8898.278 GC heap after
Heap after GC invocations=23 (full 3):
 PSYoungGen      total 179712K, used 17405K [0x00000000d5580000, 0x00000000e3500000, 0x0000000100000000)
  eden space 162304K, 0% used [0x00000000d5580000,0x00000000d5580000,0x00000000df400000)
  from space 17408K, 99% used [0x00000000e1d00000,0x00000000e2dff6e8,0x00000000e2e00000)
  to   space 33280K, 0% used [0x00000000df400000,0x00000000df400000,0x00000000e1480000)
 ParOldGen       total 112640K, used 65152K [0x0000000080000000, 0x0000000086e00000, 0x00000000d5580000)
  object space 112640K, 57% used [0x0000000080000000,0x0000000083fa01d8,0x0000000086e00000)
 Metaspace       used 87727K, capacity 92144K, committed 92312K, reserved 1128448K
  class space    used 11478K, capacity 12338K, committed 12456K, reserved 1048576K
}
Event: 8902.210 GC heap before
{Heap before GC invocations=24 (full 3):
 PSYoungGen      total 179712K, used 151689K [0x00000000d5580000, 0x00000000e3500000, 0x0000000100000000)
  eden space 162304K, 82% used [0x00000000d5580000,0x00000000dd8a2e50,0x00000000df400000)
  from space 17408K, 99% used [0x00000000e1d00000,0x00000000e2dff6e8,0x00000000e2e00000)
  to   space 33280K, 0% used [0x00000000df400000,0x00000000df400000,0x00000000e1480000)
 ParOldGen       total 112640K, used 65152K [0x0000000080000000, 0x0000000086e00000, 0x00000000d5580000)
  object space 112640K, 57% used [0x0000000080000000,0x0000000083fa01d8,0x0000000086e00000)
 Metaspace       used 93571K, capacity 98500K, committed 98584K, reserved 1134592K
  class space    used 12361K, capacity 13308K, committed 13352K, reserved 1048576K
Event: 8902.424 GC heap after
Heap after GC invocations=24 (full 3):
 PSYoungGen      total 195584K, used 25975K [0x00000000d5580000, 0x00000000e4d00000, 0x0000000100000000)
  eden space 162304K, 0% used [0x00000000d5580000,0x00000000d5580000,0x00000000df400000)
  from space 33280K, 78% used [0x00000000df400000,0x00000000e0d5dd10,0x00000000e1480000)
  to   space 35840K, 0% used [0x00000000e2a00000,0x00000000e2a00000,0x00000000e4d00000)
 ParOldGen       total 112640K, used 71756K [0x0000000080000000, 0x0000000086e00000, 0x00000000d5580000)
  object space 112640K, 63% used [0x0000000080000000,0x00000000846133e0,0x0000000086e00000)
 Metaspace       used 93571K, capacity 98500K, committed 98584K, reserved 1134592K
  class space    used 12361K, capacity 13308K, committed 13352K, reserved 1048576K
}
Event: 8902.425 GC heap before
{Heap before GC invocations=25 (full 4):
 PSYoungGen      total 195584K, used 25975K [0x00000000d5580000, 0x00000000e4d00000, 0x0000000100000000)
  eden space 162304K, 0% used [0x00000000d5580000,0x00000000d5580000,0x00000000df400000)
  from space 33280K, 78% used [0x00000000df400000,0x00000000e0d5dd10,0x00000000e1480000)
  to   space 35840K, 0% used [0x00000000e2a00000,0x00000000e2a00000,0x00000000e4d00000)
 ParOldGen       total 112640K, used 71756K [0x0000000080000000, 0x0000000086e00000, 0x00000000d5580000)
  object space 112640K, 63% used [0x0000000080000000,0x00000000846133e0,0x0000000086e00000)
 Metaspace       used 93571K, capacity 98500K, committed 98584K, reserved 1134592K
  class space    used 12361K, capacity 13308K, committed 13352K, reserved 1048576K
Event: 8903.205 GC heap after
Heap after GC invocations=25 (full 4):
 PSYoungGen      total 195584K, used 0K [0x00000000d5580000, 0x00000000e4d00000, 0x0000000100000000)
  eden space 162304K, 0% used [0x00000000d5580000,0x00000000d5580000,0x00000000df400000)
  from space 33280K, 0% used [0x00000000df400000,0x00000000df400000,0x00000000e1480000)
  to   space 35840K, 0% used [0x00000000e2a00000,0x00000000e2a00000,0x00000000e4d00000)
 ParOldGen       total 169984K, used 58046K [0x0000000080000000, 0x000000008a600000, 0x00000000d5580000)
  object space 169984K, 34% used [0x0000000080000000,0x00000000838afbb0,0x000000008a600000)
 Metaspace       used 92320K, capacity 96010K, committed 98584K, reserved 1134592K
  class space    used 12079K, capacity 12814K, committed 13352K, reserved 1048576K
}
Event: 8905.928 GC heap before
{Heap before GC invocations=26 (full 4):
 PSYoungGen      total 195584K, used 162304K [0x00000000d5580000, 0x00000000e4d00000, 0x0000000100000000)
  eden space 162304K, 100% used [0x00000000d5580000,0x00000000df400000,0x00000000df400000)
  from space 33280K, 0% used [0x00000000df400000,0x00000000df400000,0x00000000e1480000)
  to   space 35840K, 0% used [0x00000000e2a00000,0x00000000e2a00000,0x00000000e4d00000)
 ParOldGen       total 169984K, used 58046K [0x0000000080000000, 0x000000008a600000, 0x00000000d5580000)
  object space 169984K, 34% used [0x0000000080000000,0x00000000838afbb0,0x000000008a600000)
 Metaspace       used 95891K, capacity 99902K, committed 102040K, reserved 1138688K
  class space    used 12489K, capacity 13262K, committed 13736K, reserved 1048576K
Event: 8905.940 GC heap after
Heap after GC invocations=26 (full 4):
 PSYoungGen      total 218112K, used 4574K [0x00000000d5580000, 0x00000000e4d00000, 0x0000000100000000)
  eden space 182272K, 0% used [0x00000000d5580000,0x00000000d5580000,0x00000000e0780000)
  from space 35840K, 12% used [0x00000000e2a00000,0x00000000e2e77908,0x00000000e4d00000)
  to   space 35328K, 0% used [0x00000000e0780000,0x00000000e0780000,0x00000000e2a00000)
 ParOldGen       total 169984K, used 58054K [0x0000000080000000, 0x000000008a600000, 0x00000000d5580000)
  object space 169984K, 34% used [0x0000000080000000,0x00000000838b1bb0,0x000000008a600000)
 Metaspace       used 95891K, capacity 99902K, committed 102040K, reserved 1138688K
  class space    used 12489K, capacity 13262K, committed 13736K, reserved 1048576K
}

Deoptimization events (10 events):
Event: 8906.743 Thread 0x0000000024e76000 Uncommon trap: reason=class_check action=maybe_recompile pc=0x0000000005de6db0 method=com.google.gson.stream.JsonWriter.newline()V @ 14
Event: 8906.744 Thread 0x0000000024e76000 Uncommon trap: reason=class_check action=maybe_recompile pc=0x0000000005de6db0 method=com.google.gson.stream.JsonWriter.newline()V @ 14
Event: 8906.744 Thread 0x0000000024e76000 Uncommon trap: reason=class_check action=maybe_recompile pc=0x0000000005de6db0 method=com.google.gson.stream.JsonWriter.newline()V @ 14
Event: 8906.744 Thread 0x0000000024e76000 Uncommon trap: reason=class_check action=maybe_recompile pc=0x0000000005de6db0 method=com.google.gson.stream.JsonWriter.newline()V @ 14
Event: 8906.862 Thread 0x000000001bb85800 Uncommon trap: reason=predicate action=maybe_recompile pc=0x0000000005f1c408 method=java.lang.String.regionMatches(ZILjava/lang/String;II)Z @ 63
Event: 8906.947 Thread 0x000000001c668800 Uncommon trap: reason=unstable_if action=reinterpret pc=0x000000000643e110 method=com.android.tools.r8.ir.regalloc.b.compareTo(Ljava/lang/Object;)I @ 52
Event: 8907.003 Thread 0x000000001bb85800 Uncommon trap: reason=unstable_if action=reinterpret pc=0x00000000044ffba8 method=org.objectweb.asm.MethodWriter.visitLabel(Lorg/objectweb/asm/Label;)V @ 312
Event: 8907.003 Thread 0x000000001bb85800 Uncommon trap: reason=unstable_if action=reinterpret pc=0x0000000003c81464 method=org.objectweb.asm.MethodWriter.visitInsn(I)V @ 32
Event: 8907.004 Thread 0x000000001bb85800 Uncommon trap: reason=unstable_if action=reinterpret pc=0x000000000449a500 method=org.objectweb.asm.MethodWriter.visitMethodInsn(ILjava/lang/String;Ljava/lang/String;Ljava/lang/String;Z)V @ 89
Event: 8907.004 Thread 0x000000001bb85800 Uncommon trap: reason=unstable_if action=reinterpret pc=0x00000000049dfcf8 method=org.objectweb.asm.MethodWriter.visitMaxs(II)V @ 35

Classes redefined (0 events):
No events

Internal exceptions (10 events):
Event: 8901.240 Thread 0x000000001bb85800 Exception <a 'java/lang/NoSuchMethodError': java.lang.Object.lambda$comparingByKey$bbdbfea9$1(Ljava/util/Map$Entry;Ljava/util/Map$Entry;)I> (0x00000000db80e1c8) thrown at [C:\src\AOSP-openjdk-git\hotspot\src\share\vm\interpreter\linkResolver.cpp, line 620
Event: 8901.320 Thread 0x000000001bb85800 Exception <a 'java/lang/NoSuchMethodError': <clinit>> (0x00000000dba21f20) thrown at [C:\src\AOSP-openjdk-git\hotspot\src\share\vm\prims\jni.cpp, line 1615]
Event: 8901.322 Thread 0x000000001bb85800 Exception <a 'java/lang/NoSuchMethodError': <clinit>> (0x00000000dba3eed0) thrown at [C:\src\AOSP-openjdk-git\hotspot\src\share\vm\prims\jni.cpp, line 1615]
Event: 8901.324 Thread 0x000000001bb85800 Exception <a 'java/lang/NoSuchMethodError': <clinit>> (0x00000000dba60dd8) thrown at [C:\src\AOSP-openjdk-git\hotspot\src\share\vm\prims\jni.cpp, line 1615]
Event: 8901.329 Thread 0x000000001bb85800 Implicit null exception at 0x00000000058bed1d to 0x00000000058bf095
Event: 8901.334 Thread 0x000000001bb85800 Exception <a 'java/lang/NoSuchMethodError': <clinit>> (0x00000000dbb225d8) thrown at [C:\src\AOSP-openjdk-git\hotspot\src\share\vm\prims\jni.cpp, line 1615]
Event: 8903.258 Thread 0x000000001c668800 Exception <a 'java/lang/NoSuchMethodError': java.lang.Object.lambda$maxBy$1(Ljava/util/Comparator;Ljava/lang/Object;Ljava/lang/Object;)Ljava/lang/Object;> (0x00000000d577c668) thrown at [C:\src\AOSP-openjdk-git\hotspot\src\share\vm\interpreter\linkResolve
Event: 8906.266 Thread 0x0000000024e76000 Exception <a 'sun/nio/fs/WindowsException'> (0x00000000d82c1020) thrown at [C:\src\AOSP-openjdk-git\hotspot\src\share\vm\prims\jni.cpp, line 710]
Event: 8906.275 Thread 0x0000000024e76000 Exception <a 'sun/nio/fs/WindowsException'> (0x00000000d82d91e8) thrown at [C:\src\AOSP-openjdk-git\hotspot\src\share\vm\prims\jni.cpp, line 710]
Event: 8906.275 Thread 0x0000000024e76000 Exception <a 'sun/nio/fs/WindowsException'> (0x00000000d82d9690) thrown at [C:\src\AOSP-openjdk-git\hotspot\src\share\vm\prims\jni.cpp, line 710]

Events (10 events):
Event: 8907.003 Thread 0x000000001bb85800 Uncommon trap: trap_request=0xffffff65 fr.pc=0x000000000449a500
Event: 8907.004 Thread 0x000000001bb85800 DEOPT PACKING pc=0x000000000449a500 sp=0x00000000298fc350
Event: 8907.004 Thread 0x000000001bb85800 DEOPT UNPACKING pc=0x00000000035d557b sp=0x00000000298fc350 mode 2
Event: 8907.004 Thread 0x000000001bb85800 Uncommon trap: trap_request=0xffffff65 fr.pc=0x00000000049dfcf8
Event: 8907.004 Thread 0x000000001bb85800 DEOPT PACKING pc=0x00000000049dfcf8 sp=0x00000000298fc3e0
Event: 8907.004 Thread 0x000000001bb85800 DEOPT UNPACKING pc=0x00000000035d557b sp=0x00000000298fc380 mode 2
Event: 8907.035 Thread 0x000000001c668800 DEOPT PACKING pc=0x00000000062ce467 sp=0x00000000292fa570
Event: 8907.035 Thread 0x000000001c668800 DEOPT UNPACKING pc=0x00000000035d75d0 sp=0x00000000292fa378 mode 0
Event: 8907.123 Thread 0x000000001c668800 DEOPT PACKING pc=0x000000000633b141 sp=0x00000000292fa5b0
Event: 8907.124 Thread 0x000000001c668800 DEOPT UNPACKING pc=0x00000000035d75d0 sp=0x00000000292fa370 mode 0


Dynamic libraries:
0x00007ff6f5c20000 - 0x00007ff6f5c51000 	E:\study_resource\sophomore_summer\java\AndroidStudio\setup\jre\bin\java.exe
0x00007ff8c53a0000 - 0x00007ff8c5590000 	C:\WINDOWS\SYSTEM32\ntdll.dll
0x00007ff8c43c0000 - 0x00007ff8c4472000 	C:\WINDOWS\System32\KERNEL32.DLL
0x00007ff8c3120000 - 0x00007ff8c33c4000 	C:\WINDOWS\System32\KERNELBASE.dll
0x00007ff8c45d0000 - 0x00007ff8c4673000 	C:\WINDOWS\System32\ADVAPI32.dll
0x00007ff8c4ce0000 - 0x00007ff8c4d7e000 	C:\WINDOWS\System32\msvcrt.dll
0x00007ff8c5180000 - 0x00007ff8c5217000 	C:\WINDOWS\System32\sechost.dll
0x00007ff8c4b20000 - 0x00007ff8c4c40000 	C:\WINDOWS\System32\RPCRT4.dll
0x00007ff8c4e50000 - 0x00007ff8c4fe5000 	C:\WINDOWS\System32\USER32.dll
0x00007ff8c33d0000 - 0x00007ff8c33f1000 	C:\WINDOWS\System32\win32u.dll
0x00007ff8c4c40000 - 0x00007ff8c4c66000 	C:\WINDOWS\System32\GDI32.dll
0x00007ff8c2ea0000 - 0x00007ff8c3036000 	C:\WINDOWS\System32\gdi32full.dll
0x00007ff8c2470000 - 0x00007ff8c250e000 	C:\WINDOWS\System32\msvcp_win.dll
0x00007ff8c2320000 - 0x00007ff8c241a000 	C:\WINDOWS\System32\ucrtbase.dll
0x00007ff8aeab0000 - 0x00007ff8aed34000 	C:\WINDOWS\WinSxS\amd64_microsoft.windows.common-controls_6595b64144ccf1df_6.0.18362.1016_none_9e7a36bbe461dae4\COMCTL32.dll
0x00007ff8c3450000 - 0x00007ff8c3785000 	C:\WINDOWS\System32\combase.dll
0x00007ff8c30a0000 - 0x00007ff8c3120000 	C:\WINDOWS\System32\bcryptPrimitives.dll
0x00007ff8c4680000 - 0x00007ff8c46ae000 	C:\WINDOWS\System32\IMM32.DLL
0x0000000074fa0000 - 0x0000000075072000 	E:\study_resource\sophomore_summer\java\AndroidStudio\setup\jre\jre\bin\msvcr100.dll
0x0000000075160000 - 0x00000000759ab000 	E:\study_resource\sophomore_summer\java\AndroidStudio\setup\jre\jre\bin\server\jvm.dll
0x00007ff8c4ff0000 - 0x00007ff8c4ff8000 	C:\WINDOWS\System32\PSAPI.DLL
0x00007ff8aa010000 - 0x00007ff8aa019000 	C:\WINDOWS\SYSTEM32\WSOCK32.dll
0x00007ff8b74b0000 - 0x00007ff8b74ba000 	C:\WINDOWS\SYSTEM32\VERSION.dll
0x00007ff8c4c70000 - 0x00007ff8c4cdf000 	C:\WINDOWS\System32\WS2_32.dll
0x00007ff8bc090000 - 0x00007ff8bc0b4000 	C:\WINDOWS\SYSTEM32\WINMM.dll
0x00007ff8bbe00000 - 0x00007ff8bbe2d000 	C:\WINDOWS\SYSTEM32\winmmbase.dll
0x00007ff8c2420000 - 0x00007ff8c246a000 	C:\WINDOWS\System32\cfgmgr32.dll
0x00007ff8babd0000 - 0x00007ff8babdf000 	E:\study_resource\sophomore_summer\java\AndroidStudio\setup\jre\jre\bin\verify.dll
0x00007ff8b7980000 - 0x00007ff8b79a9000 	E:\study_resource\sophomore_summer\java\AndroidStudio\setup\jre\jre\bin\java.dll
0x00007ff8b8b20000 - 0x00007ff8b8b36000 	E:\study_resource\sophomore_summer\java\AndroidStudio\setup\jre\jre\bin\zip.dll
0x00007ff8c3b10000 - 0x00007ff8c41f7000 	C:\WINDOWS\System32\SHELL32.dll
0x00007ff8c5000000 - 0x00007ff8c50a9000 	C:\WINDOWS\System32\shcore.dll
0x00007ff8c2510000 - 0x00007ff8c2c92000 	C:\WINDOWS\System32\windows.storage.dll
0x00007ff8c22f0000 - 0x00007ff8c2313000 	C:\WINDOWS\System32\profapi.dll
0x00007ff8c22a0000 - 0x00007ff8c22ea000 	C:\WINDOWS\System32\powrprof.dll
0x00007ff8c2250000 - 0x00007ff8c2260000 	C:\WINDOWS\System32\UMPDC.dll
0x00007ff8c38a0000 - 0x00007ff8c38f2000 	C:\WINDOWS\System32\shlwapi.dll
0x00007ff8c2260000 - 0x00007ff8c2271000 	C:\WINDOWS\System32\kernel.appcore.dll
0x00007ff8c3430000 - 0x00007ff8c3447000 	C:\WINDOWS\System32\cryptsp.dll
0x00007ff8b8780000 - 0x00007ff8b879a000 	E:\study_resource\sophomore_summer\java\AndroidStudio\setup\jre\jre\bin\net.dll
0x00007ff8c1ab0000 - 0x00007ff8c1b17000 	C:\WINDOWS\system32\mswsock.dll
0x00007ff8b7a10000 - 0x00007ff8b7a23000 	E:\study_resource\sophomore_summer\java\AndroidStudio\setup\jre\jre\bin\nio.dll
0x00007ff8a5b60000 - 0x00007ff8a5b86000 	C:\Users\dell\.gradle\native\31\windows-amd64\native-platform.dll
0x00007ff8b8ae0000 - 0x00007ff8b8aed000 	E:\study_resource\sophomore_summer\java\AndroidStudio\setup\jre\jre\bin\management.dll
0x00007ff8c1620000 - 0x00007ff8c1653000 	C:\WINDOWS\system32\rsaenh.dll
0x00007ff8c3400000 - 0x00007ff8c3426000 	C:\WINDOWS\System32\bcrypt.dll
0x00007ff8c2170000 - 0x00007ff8c2195000 	C:\WINDOWS\SYSTEM32\USERENV.dll
0x00007ff8c1c80000 - 0x00007ff8c1c8c000 	C:\WINDOWS\SYSTEM32\CRYPTBASE.dll
0x00007ff8c17c0000 - 0x00007ff8c17fa000 	C:\WINDOWS\SYSTEM32\IPHLPAPI.DLL
0x00007ff8c3890000 - 0x00007ff8c3898000 	C:\WINDOWS\System32\NSI.dll
0x00007ff8b69f0000 - 0x00007ff8b6a06000 	C:\WINDOWS\SYSTEM32\dhcpcsvc6.DLL
0x00007ff8b69b0000 - 0x00007ff8b69cc000 	C:\WINDOWS\SYSTEM32\dhcpcsvc.DLL
0x00007ff8c1800000 - 0x00007ff8c18cb000 	C:\WINDOWS\SYSTEM32\DNSAPI.dll
0x00007ff8b7730000 - 0x00007ff8b7754000 	E:\study_resource\sophomore_summer\java\AndroidStudio\setup\jre\jre\bin\sunec.dll
0x0000000063560000 - 0x0000000063569000 	C:\Program Files\National Instruments\Shared\mDNS Responder\nimdnsNSP.dll
0x0000000063550000 - 0x000000006355e000 	C:\WINDOWS\SYSTEM32\nimdnsResponder.dll
0x0000000075ce0000 - 0x0000000075d83000 	C:\WINDOWS\WinSxS\amd64_microsoft.vc90.crt_1fc8b3b9a1e18e3b_9.0.30729.9619_none_08e065a3a84109b0\MSVCR90.dll
0x00007ff8b2890000 - 0x00007ff8b289a000 	C:\Windows\System32\rasadhlp.dll
0x00007ff8b2810000 - 0x00007ff8b2887000 	C:\WINDOWS\System32\fwpuclnt.dll
0x00007ff8b8700000 - 0x00007ff8b870b000 	E:\study_resource\sophomore_summer\java\AndroidStudio\setup\jre\jre\bin\sunmscapi.dll
0x00007ff8c2ca0000 - 0x00007ff8c2de9000 	C:\WINDOWS\System32\CRYPT32.dll
0x00007ff8c2280000 - 0x00007ff8c2292000 	C:\WINDOWS\System32\MSASN1.dll

VM Arguments:
jvm_args: -Xmx2048m -Dfile.encoding=GBK -Duser.country=CN -Duser.language=zh -Duser.variant 
java_command: org.gradle.launcher.daemon.bootstrap.GradleDaemon 6.1.1
java_class_path (initial): C:\Users\dell\.gradle\wrapper\dists\gradle-6.1.1-all\cfmwm155h49vnt3hynmlrsdst\gradle-6.1.1\lib\gradle-launcher-6.1.1.jar
Launcher Type: SUN_STANDARD

Environment Variables:
JAVA_HOME=D:\apps
PATH=C:\Program Files (x86)\Intel\Intel(R) Management Engine Components\iCLS\;C:\Program Files\Intel\Intel(R) Management Engine Components\iCLS\;C:\Windows\system32;C:\Windows;C:\Windows\System32\Wbem;C:\Windows\System32\WindowsPowerShell\v1.0\;C:\Windows\System32\OpenSSH\;C:\Program Files (x86)\Intel\Intel(R) Management Engine Components\DAL;C:\Program Files\Intel\Intel(R) Management Engine Components\DAL;C:\Program Files (x86)\NVIDIA Corporation\PhysX\Common;C:\Program Files\dotnet\;C:\Program Files\Microsoft SQL Server\130\Tools\Binn\;C:\Program Files\Intel\WiFi\bin\;C:\Program Files\Common Files\Intel\WirelessCommon\;D:\apps\mingw64\bin;D:\Git\cmd;C:\WINDOWS\system32;C:\WINDOWS;C:\WINDOWS\System32\Wbem;C:\WINDOWS\System32\WindowsPowerShell\v1.0\;C:\WINDOWS\System32\OpenSSH\;D:\anaconda\Scripts;D:\anaconda;D:\apps\bin;F:\R2018b\runtime\win64;F:\R2018b\bin;C:\Cadence\SPB_16.5\OpenAccess\bin\win32\opt;C:\Cadence\SPB_16.5\tools\Capture;C:\Cadence\SPB_16.5\tools\PSpice\Library;C:\Cadence\SPB_16.5\tools\PSpice;C:\Cadence\SPB_16.5\tools\specctra\bin;C:\Cadence\SPB_16.5\tools\fet\bin;C:\Cadence\SPB_16.5\tools\libutil\bin;C:\Cadence\SPB_16.5\tools\bin;C:\Cadence\SPB_16.5\tools\pcb\bin;C:\Program Files\MySQL\MySQL Shell 8.0\bin\;D:\Microsoft VS Code\bin;F:\apps\modelsim_ase\win32aloem;C:\Users\dell\AppData\Local\GitHubDesktop\bin
USERNAME=dell
OS=Windows_NT
PROCESSOR_IDENTIFIER=Intel64 Family 6 Model 142 Stepping 11, GenuineIntel



---------------  S Y S T E M  ---------------

OS: Windows 10.0 , 64 bit Build 18362 (10.0.18362.959)

CPU:total 8 (initial active 8) (4 cores per cpu, 2 threads per core) family 6 model 142 stepping 11, cmov, cx8, fxsr, mmx, sse, sse2, sse3, ssse3, sse4.1, sse4.2, popcnt, avx, avx2, aes, clmul, erms, 3dnowpref, lzcnt, ht, tsc, tscinvbit, bmi1, bmi2, adx

Memory: 4k page, physical 8192388k(422372k free), swap 21472848k(11820k free)

vm_info: OpenJDK 64-Bit Server VM (25.242-b01) for windows-amd64 JRE (1.8.0_242-release-1644-b01), built by "builder" with MS VC++ 10.0 (VS2010)

time: Mon Sep 07 20:01:40 2020
timezone: 中国标准时间
elapsed time: 8907 seconds (0d 2h 28m 27s)

